<?xml version="1.0" encoding="UTF-8"?>
<!-- Generated by org.testng.reporters.JUnitXMLReporter -->
<testsuite ignored="0" hostname="LAPTOP-HGO69DMD" failures="0" tests="9" name="Test" time="14.581" errors="0" timestamp="2024-08-07T09:17:35 IST">
  <testcase classname="day8.ThridClass" name="test1" time="0.037"/>
  <testcase classname="day8.ThridClass" name="test2" time="0.005"/>
  <testcase classname="day8.ThridClass" name="test3" time="0.006"/>
  <testcase classname="day8.firstTest" name="openapp" time="0.006"/>
  <testcase classname="day8.firstTest" name="login" time="0.004"/>
  <testcase classname="day8.firstTest" name="logout" time="0.003"/>
  <testcase classname="day8.SecondClass" name="openapp" time="11.63"/>
  <testcase classname="day8.SecondClass" name="login" time="1.992"/>
  <testcase classname="day8.SecondClass" name="close" time="0.717"/>
</testsuite> <!-- Test -->
