<?xml version="1.0" encoding="UTF-8"?>
<testng-results ignored="0" total="9" passed="9" failed="0" skipped="0">
  <reporter-output>
  </reporter-output>
  <suite started-at="2024-08-07T09:17:21 IST" name="Suite" finished-at="2024-08-07T09:17:35 IST" duration-ms="14581">
    <groups>
    </groups>
    <test started-at="2024-08-07T09:17:21 IST" name="Test" finished-at="2024-08-07T09:17:35 IST" duration-ms="14581">
      <class name="day8.ThridClass">
        <test-method signature="test1()[pri:0, instance:day8.ThridClass@5c909414]" started-at="2024-08-07T09:17:21 IST" name="test1" finished-at="2024-08-07T09:17:21 IST" duration-ms="37" status="PASS">
          <reporter-output>
          </reporter-output>
        </test-method> <!-- test1 -->
        <test-method signature="test2()[pri:2, instance:day8.ThridClass@5c909414]" started-at="2024-08-07T09:17:21 IST" name="test2" finished-at="2024-08-07T09:17:21 IST" duration-ms="5" status="PASS">
          <reporter-output>
          </reporter-output>
        </test-method> <!-- test2 -->
        <test-method signature="test3()[pri:3, instance:day8.ThridClass@5c909414]" started-at="2024-08-07T09:17:21 IST" name="test3" finished-at="2024-08-07T09:17:21 IST" duration-ms="6" status="PASS">
          <reporter-output>
          </reporter-output>
        </test-method> <!-- test3 -->
      </class> <!-- day8.ThridClass -->
      <class name="day8.firstTest">
        <test-method signature="openapp()[pri:0, instance:day8.firstTest@4b14c583]" started-at="2024-08-07T09:17:21 IST" name="openapp" finished-at="2024-08-07T09:17:21 IST" duration-ms="6" status="PASS">
          <reporter-output>
          </reporter-output>
        </test-method> <!-- openapp -->
        <test-method signature="login()[pri:2, instance:day8.firstTest@4b14c583]" started-at="2024-08-07T09:17:21 IST" name="login" finished-at="2024-08-07T09:17:21 IST" duration-ms="4" status="PASS">
          <reporter-output>
          </reporter-output>
        </test-method> <!-- login -->
        <test-method signature="logout()[pri:3, instance:day8.firstTest@4b14c583]" started-at="2024-08-07T09:17:21 IST" name="logout" finished-at="2024-08-07T09:17:21 IST" duration-ms="3" status="PASS">
          <reporter-output>
          </reporter-output>
        </test-method> <!-- logout -->
      </class> <!-- day8.firstTest -->
      <class name="day8.SecondClass">
        <test-method signature="openapp()[pri:10, instance:day8.SecondClass@65466a6a]" started-at="2024-08-07T09:17:21 IST" name="openapp" finished-at="2024-08-07T09:17:33 IST" duration-ms="11630" status="PASS">
          <reporter-output>
          </reporter-output>
        </test-method> <!-- openapp -->
        <test-method signature="login()[pri:20, instance:day8.SecondClass@65466a6a]" started-at="2024-08-07T09:17:33 IST" name="login" finished-at="2024-08-07T09:17:35 IST" duration-ms="1992" status="PASS">
          <reporter-output>
          </reporter-output>
        </test-method> <!-- login -->
        <test-method signature="close()[pri:30, instance:day8.SecondClass@65466a6a]" started-at="2024-08-07T09:17:35 IST" name="close" finished-at="2024-08-07T09:17:35 IST" duration-ms="717" status="PASS">
          <reporter-output>
          </reporter-output>
        </test-method> <!-- close -->
      </class> <!-- day8.SecondClass -->
    </test> <!-- Test -->
  </suite> <!-- Suite -->
</testng-results>
